mode: atomic
github.com/Limpowitch/D7024E-Lab-Assignment/kademlia/api/object.go:16.47,20.79 2 0
github.com/Limpowitch/D7024E-Lab-Assignment/kademlia/api/object.go:20.79,24.35 3 0
github.com/Limpowitch/D7024E-Lab-Assignment/kademlia/api/object.go:24.35,27.4 2 0
github.com/Limpowitch/D7024E-Lab-Assignment/kademlia/api/object.go:28.3,31.53 3 0
github.com/Limpowitch/D7024E-Lab-Assignment/kademlia/api/object.go:31.53,34.4 2 0
github.com/Limpowitch/D7024E-Lab-Assignment/kademlia/api/object.go:36.3,40.15 4 0
github.com/Limpowitch/D7024E-Lab-Assignment/kademlia/api/object.go:40.15,42.4 1 0
github.com/Limpowitch/D7024E-Lab-Assignment/kademlia/api/object.go:43.3,45.23 3 0
github.com/Limpowitch/D7024E-Lab-Assignment/kademlia/api/object.go:49.2,49.85 1 0
github.com/Limpowitch/D7024E-Lab-Assignment/kademlia/api/object.go:49.85,51.22 2 0
github.com/Limpowitch/D7024E-Lab-Assignment/kademlia/api/object.go:51.22,54.4 2 0
github.com/Limpowitch/D7024E-Lab-Assignment/kademlia/api/object.go:56.3,56.42 1 0
github.com/Limpowitch/D7024E-Lab-Assignment/kademlia/api/object.go:56.42,62.4 5 0
github.com/Limpowitch/D7024E-Lab-Assignment/kademlia/api/object.go:63.3,63.50 1 0
github.com/Limpowitch/D7024E-Lab-Assignment/kademlia/api/object.go:65.2,65.12 1 0
github.com/Limpowitch/D7024E-Lab-Assignment/kademlia/cli/cli.go:8.31,9.20 1 0
github.com/Limpowitch/D7024E-Lab-Assignment/kademlia/cli/cli.go:9.20,12.3 2 0
github.com/Limpowitch/D7024E-Lab-Assignment/kademlia/cli/cli.go:14.2,14.17 1 0
github.com/Limpowitch/D7024E-Lab-Assignment/kademlia/cli/cli.go:15.15,16.28 1 0
github.com/Limpowitch/D7024E-Lab-Assignment/kademlia/cli/cli.go:17.13,18.31 1 0
github.com/Limpowitch/D7024E-Lab-Assignment/kademlia/cli/cli.go:19.13,20.31 1 0
github.com/Limpowitch/D7024E-Lab-Assignment/kademlia/cli/cli.go:21.12,22.25 1 0
github.com/Limpowitch/D7024E-Lab-Assignment/kademlia/cli/cli.go:23.30,25.13 2 0
github.com/Limpowitch/D7024E-Lab-Assignment/kademlia/cli/cli.go:26.14,27.27 1 0
github.com/Limpowitch/D7024E-Lab-Assignment/kademlia/cli/cli.go:28.16,29.29 1 0
github.com/Limpowitch/D7024E-Lab-Assignment/kademlia/cli/cli.go:30.10,32.51 2 0
github.com/Limpowitch/D7024E-Lab-Assignment/kademlia/cli/cli.go:37.14,50.2 1 0
github.com/Limpowitch/D7024E-Lab-Assignment/kademlia/cli/cli_server.go:25.88,30.2 4 0
github.com/Limpowitch/D7024E-Lab-Assignment/kademlia/cli/cli_server.go:32.70,34.32 2 0
github.com/Limpowitch/D7024E-Lab-Assignment/kademlia/cli/cli_server.go:34.32,36.3 1 0
github.com/Limpowitch/D7024E-Lab-Assignment/kademlia/cli/cli_server.go:37.2,43.23 6 0
github.com/Limpowitch/D7024E-Lab-Assignment/kademlia/cli/cli_server.go:43.23,45.3 1 0
github.com/Limpowitch/D7024E-Lab-Assignment/kademlia/cli/cli_server.go:46.2,46.18 1 0
github.com/Limpowitch/D7024E-Lab-Assignment/kademlia/cli/cli_server.go:49.36,58.39 8 0
github.com/Limpowitch/D7024E-Lab-Assignment/kademlia/cli/cli_server.go:58.39,60.3 1 0
github.com/Limpowitch/D7024E-Lab-Assignment/kademlia/cli/cli_server.go:62.2,63.16 2 0
github.com/Limpowitch/D7024E-Lab-Assignment/kademlia/cli/cli_server.go:63.16,65.3 1 0
github.com/Limpowitch/D7024E-Lab-Assignment/kademlia/cli/cli_server.go:67.2,68.23 2 0
github.com/Limpowitch/D7024E-Lab-Assignment/kademlia/cli/cli_server.go:68.23,70.17 2 0
github.com/Limpowitch/D7024E-Lab-Assignment/kademlia/cli/cli_server.go:70.17,72.4 1 0
github.com/Limpowitch/D7024E-Lab-Assignment/kademlia/cli/cli_server.go:75.2,76.16 2 0
github.com/Limpowitch/D7024E-Lab-Assignment/kademlia/cli/cli_server.go:76.16,78.3 1 0
github.com/Limpowitch/D7024E-Lab-Assignment/kademlia/cli/cli_server.go:80.2,86.12 5 0
github.com/Limpowitch/D7024E-Lab-Assignment/kademlia/cli/cli_server.go:86.12,88.61 2 0
github.com/Limpowitch/D7024E-Lab-Assignment/kademlia/cli/cli_server.go:88.61,90.4 1 0
github.com/Limpowitch/D7024E-Lab-Assignment/kademlia/cli/cli_server.go:93.2,98.37 3 0
github.com/Limpowitch/D7024E-Lab-Assignment/kademlia/cli/cli_server.go:98.37,105.26 4 0
github.com/Limpowitch/D7024E-Lab-Assignment/kademlia/cli/cli_server.go:105.26,109.14 3 0
github.com/Limpowitch/D7024E-Lab-Assignment/kademlia/cli/cli_server.go:109.14,111.5 1 0
github.com/Limpowitch/D7024E-Lab-Assignment/kademlia/cli/cli_server.go:111.10,112.46 1 0
github.com/Limpowitch/D7024E-Lab-Assignment/kademlia/cli/cli_server.go:112.47,113.6 0 0
github.com/Limpowitch/D7024E-Lab-Assignment/kademlia/cli/cli_server.go:115.4,116.18 2 0
github.com/Limpowitch/D7024E-Lab-Assignment/kademlia/cli/cli_server.go:116.18,118.5 1 0
github.com/Limpowitch/D7024E-Lab-Assignment/kademlia/cli/cli_server.go:119.4,119.8 1 0
github.com/Limpowitch/D7024E-Lab-Assignment/kademlia/cli/cli_server.go:123.2,124.18 2 0
github.com/Limpowitch/D7024E-Lab-Assignment/kademlia/cli/cli_server.go:127.37,131.39 4 0
github.com/Limpowitch/D7024E-Lab-Assignment/kademlia/cli/cli_server.go:131.39,133.3 1 0
github.com/Limpowitch/D7024E-Lab-Assignment/kademlia/cli/cli_server.go:134.2,134.20 1 0
github.com/Limpowitch/D7024E-Lab-Assignment/kademlia/cli/cli_server.go:134.20,136.3 1 0
github.com/Limpowitch/D7024E-Lab-Assignment/kademlia/cli/cli_server.go:138.2,139.35 2 0
github.com/Limpowitch/D7024E-Lab-Assignment/kademlia/cli/cli_server.go:139.35,141.3 1 0
github.com/Limpowitch/D7024E-Lab-Assignment/kademlia/cli/cli_server.go:142.2,146.16 4 0
github.com/Limpowitch/D7024E-Lab-Assignment/kademlia/cli/cli_server.go:146.16,148.3 1 0
github.com/Limpowitch/D7024E-Lab-Assignment/kademlia/cli/cli_server.go:149.2,154.57 5 0
github.com/Limpowitch/D7024E-Lab-Assignment/kademlia/cli/cli_server.go:154.57,156.3 1 0
github.com/Limpowitch/D7024E-Lab-Assignment/kademlia/cli/cli_server.go:157.2,158.12 2 0
github.com/Limpowitch/D7024E-Lab-Assignment/kademlia/cli/cli_server.go:161.35,165.39 4 0
github.com/Limpowitch/D7024E-Lab-Assignment/kademlia/cli/cli_server.go:165.39,167.3 1 0
github.com/Limpowitch/D7024E-Lab-Assignment/kademlia/cli/cli_server.go:169.2,170.16 2 0
github.com/Limpowitch/D7024E-Lab-Assignment/kademlia/cli/cli_server.go:170.16,172.3 1 0
github.com/Limpowitch/D7024E-Lab-Assignment/kademlia/cli/cli_server.go:173.2,179.50 5 0
github.com/Limpowitch/D7024E-Lab-Assignment/kademlia/cli/cli_server.go:179.50,181.3 1 0
github.com/Limpowitch/D7024E-Lab-Assignment/kademlia/cli/cli_server.go:182.2,183.12 2 0
github.com/Limpowitch/D7024E-Lab-Assignment/kademlia/cli/cli_server.go:187.39,192.39 5 0
github.com/Limpowitch/D7024E-Lab-Assignment/kademlia/cli/cli_server.go:192.39,194.3 1 0
github.com/Limpowitch/D7024E-Lab-Assignment/kademlia/cli/cli_server.go:195.2,195.18 1 0
github.com/Limpowitch/D7024E-Lab-Assignment/kademlia/cli/cli_server.go:195.18,197.3 1 0
github.com/Limpowitch/D7024E-Lab-Assignment/kademlia/cli/cli_server.go:200.2,201.16 2 0
github.com/Limpowitch/D7024E-Lab-Assignment/kademlia/cli/cli_server.go:201.16,203.3 1 0
github.com/Limpowitch/D7024E-Lab-Assignment/kademlia/cli/cli_server.go:204.2,210.16 6 0
github.com/Limpowitch/D7024E-Lab-Assignment/kademlia/cli/cli_server.go:210.16,212.3 1 0
github.com/Limpowitch/D7024E-Lab-Assignment/kademlia/cli/cli_server.go:213.2,214.12 2 0
github.com/Limpowitch/D7024E-Lab-Assignment/kademlia/cli/cli_server.go:218.39,221.39 3 0
github.com/Limpowitch/D7024E-Lab-Assignment/kademlia/cli/cli_server.go:221.39,223.3 1 0
github.com/Limpowitch/D7024E-Lab-Assignment/kademlia/cli/cli_server.go:224.2,224.20 1 0
github.com/Limpowitch/D7024E-Lab-Assignment/kademlia/cli/cli_server.go:224.20,226.3 1 0
github.com/Limpowitch/D7024E-Lab-Assignment/kademlia/cli/cli_server.go:228.2,229.35 2 0
github.com/Limpowitch/D7024E-Lab-Assignment/kademlia/cli/cli_server.go:229.35,231.3 1 0
github.com/Limpowitch/D7024E-Lab-Assignment/kademlia/cli/cli_server.go:232.2,238.16 4 0
github.com/Limpowitch/D7024E-Lab-Assignment/kademlia/cli/cli_server.go:238.16,240.3 1 0
github.com/Limpowitch/D7024E-Lab-Assignment/kademlia/cli/cli_server.go:241.2,249.16 6 0
github.com/Limpowitch/D7024E-Lab-Assignment/kademlia/cli/cli_server.go:249.16,251.3 1 0
github.com/Limpowitch/D7024E-Lab-Assignment/kademlia/cli/cli_server.go:252.2,252.9 1 0
github.com/Limpowitch/D7024E-Lab-Assignment/kademlia/cli/cli_server.go:252.9,254.3 1 0
github.com/Limpowitch/D7024E-Lab-Assignment/kademlia/cli/cli_server.go:255.2,258.12 4 0
github.com/Limpowitch/D7024E-Lab-Assignment/kademlia/cli/cli_server.go:262.33,266.39 4 0
github.com/Limpowitch/D7024E-Lab-Assignment/kademlia/cli/cli_server.go:266.39,268.3 1 0
github.com/Limpowitch/D7024E-Lab-Assignment/kademlia/cli/cli_server.go:270.2,271.16 2 0
github.com/Limpowitch/D7024E-Lab-Assignment/kademlia/cli/cli_server.go:271.16,273.3 1 0
github.com/Limpowitch/D7024E-Lab-Assignment/kademlia/cli/cli_server.go:274.2,281.16 6 0
github.com/Limpowitch/D7024E-Lab-Assignment/kademlia/cli/cli_server.go:281.16,283.3 1 0
github.com/Limpowitch/D7024E-Lab-Assignment/kademlia/cli/cli_server.go:285.2,286.16 2 0
github.com/Limpowitch/D7024E-Lab-Assignment/kademlia/cli/cli_server.go:286.16,288.3 1 0
github.com/Limpowitch/D7024E-Lab-Assignment/kademlia/cli/cli_server.go:290.2,291.23 2 0
github.com/Limpowitch/D7024E-Lab-Assignment/kademlia/cli/cli_server.go:291.23,293.3 1 0
github.com/Limpowitch/D7024E-Lab-Assignment/kademlia/cli/cli_server.go:294.2,294.12 1 0
github.com/Limpowitch/D7024E-Lab-Assignment/kademlia/cli/cli_server.go:298.34,300.42 2 0
github.com/Limpowitch/D7024E-Lab-Assignment/kademlia/cli/cli_server.go:300.42,302.14 2 0
github.com/Limpowitch/D7024E-Lab-Assignment/kademlia/cli/cli_server.go:302.14,304.4 1 0
github.com/Limpowitch/D7024E-Lab-Assignment/kademlia/cli/cli_server.go:306.2,306.12 1 0
github.com/Limpowitch/D7024E-Lab-Assignment/kademlia/cli/cli_server.go:310.22,314.2 3 0
github.com/Limpowitch/D7024E-Lab-Assignment/kademlia/cmd/main/main.go:10.13,11.45 1 0
github.com/Limpowitch/D7024E-Lab-Assignment/kademlia/cmd/main/main.go:11.45,14.3 2 0
github.com/Limpowitch/D7024E-Lab-Assignment/kademlia/internal/transport/udp.go:23.57,25.16 2 6
github.com/Limpowitch/D7024E-Lab-Assignment/kademlia/internal/transport/udp.go:25.16,27.3 1 0
github.com/Limpowitch/D7024E-Lab-Assignment/kademlia/internal/transport/udp.go:28.2,33.8 1 6
github.com/Limpowitch/D7024E-Lab-Assignment/kademlia/internal/transport/udp.go:37.40,37.71 1 4
github.com/Limpowitch/D7024E-Lab-Assignment/kademlia/internal/transport/udp.go:41.34,42.12 1 6
github.com/Limpowitch/D7024E-Lab-Assignment/kademlia/internal/transport/udp.go:42.12,44.7 2 6
github.com/Limpowitch/D7024E-Lab-Assignment/kademlia/internal/transport/udp.go:44.7,47.53 3 10
github.com/Limpowitch/D7024E-Lab-Assignment/kademlia/internal/transport/udp.go:47.53,48.12 1 0
github.com/Limpowitch/D7024E-Lab-Assignment/kademlia/internal/transport/udp.go:49.24,50.12 1 0
github.com/Limpowitch/D7024E-Lab-Assignment/kademlia/internal/transport/udp.go:51.13,52.14 1 0
github.com/Limpowitch/D7024E-Lab-Assignment/kademlia/internal/transport/udp.go:55.4,55.18 1 10
github.com/Limpowitch/D7024E-Lab-Assignment/kademlia/internal/transport/udp.go:55.18,57.5 1 6
github.com/Limpowitch/D7024E-Lab-Assignment/kademlia/internal/transport/udp.go:60.4,64.43 4 4
github.com/Limpowitch/D7024E-Lab-Assignment/kademlia/internal/transport/udp.go:64.43,65.13 1 0
github.com/Limpowitch/D7024E-Lab-Assignment/kademlia/internal/transport/udp.go:67.4,67.44 1 4
github.com/Limpowitch/D7024E-Lab-Assignment/kademlia/internal/transport/udp.go:73.71,75.16 2 1
github.com/Limpowitch/D7024E-Lab-Assignment/kademlia/internal/transport/udp.go:75.16,77.3 1 0
github.com/Limpowitch/D7024E-Lab-Assignment/kademlia/internal/transport/udp.go:78.2,80.12 3 1
github.com/Limpowitch/D7024E-Lab-Assignment/kademlia/internal/transport/udp.go:84.79,86.16 2 3
github.com/Limpowitch/D7024E-Lab-Assignment/kademlia/internal/transport/udp.go:86.16,88.3 1 1
github.com/Limpowitch/D7024E-Lab-Assignment/kademlia/internal/transport/udp.go:89.2,90.12 2 2
github.com/Limpowitch/D7024E-Lab-Assignment/kademlia/internal/transport/udp.go:94.78,97.2 2 1
github.com/Limpowitch/D7024E-Lab-Assignment/kademlia/internal/transport/udp.go:100.40,104.2 2 6
github.com/Limpowitch/D7024E-Lab-Assignment/kademlia/cmd/node/contact.go:14.49,16.2 1 0
github.com/Limpowitch/D7024E-Lab-Assignment/kademlia/cmd/node/contact.go:19.27,19.54 1 1
github.com/Limpowitch/D7024E-Lab-Assignment/kademlia/cmd/node/contact_codec.go:10.41,12.21 2 52
github.com/Limpowitch/D7024E-Lab-Assignment/kademlia/cmd/node/contact_codec.go:12.21,14.3 1 0
github.com/Limpowitch/D7024E-Lab-Assignment/kademlia/cmd/node/contact_codec.go:15.2,19.12 5 52
github.com/Limpowitch/D7024E-Lab-Assignment/kademlia/cmd/node/contact_codec.go:23.51,24.24 1 52
github.com/Limpowitch/D7024E-Lab-Assignment/kademlia/cmd/node/contact_codec.go:24.24,26.3 1 0
github.com/Limpowitch/D7024E-Lab-Assignment/kademlia/cmd/node/contact_codec.go:27.2,29.26 3 52
github.com/Limpowitch/D7024E-Lab-Assignment/kademlia/cmd/node/contact_codec.go:29.26,31.3 1 0
github.com/Limpowitch/D7024E-Lab-Assignment/kademlia/cmd/node/contact_codec.go:32.2,33.12 2 52
github.com/Limpowitch/D7024E-Lab-Assignment/kademlia/cmd/node/contact_codec.go:37.48,40.25 3 24
github.com/Limpowitch/D7024E-Lab-Assignment/kademlia/cmd/node/contact_codec.go:40.25,42.3 1 52
github.com/Limpowitch/D7024E-Lab-Assignment/kademlia/cmd/node/contact_codec.go:43.2,43.12 1 24
github.com/Limpowitch/D7024E-Lab-Assignment/kademlia/cmd/node/contact_codec.go:47.56,48.16 1 24
github.com/Limpowitch/D7024E-Lab-Assignment/kademlia/cmd/node/contact_codec.go:48.16,50.3 1 0
github.com/Limpowitch/D7024E-Lab-Assignment/kademlia/cmd/node/contact_codec.go:51.2,54.25 4 24
github.com/Limpowitch/D7024E-Lab-Assignment/kademlia/cmd/node/contact_codec.go:54.25,55.25 1 52
github.com/Limpowitch/D7024E-Lab-Assignment/kademlia/cmd/node/contact_codec.go:55.25,57.4 1 0
github.com/Limpowitch/D7024E-Lab-Assignment/kademlia/cmd/node/contact_codec.go:58.3,60.20 3 52
github.com/Limpowitch/D7024E-Lab-Assignment/kademlia/cmd/node/contact_codec.go:60.20,62.4 1 0
github.com/Limpowitch/D7024E-Lab-Assignment/kademlia/cmd/node/contact_codec.go:63.3,64.53 2 52
github.com/Limpowitch/D7024E-Lab-Assignment/kademlia/cmd/node/contact_codec.go:64.53,66.4 1 0
github.com/Limpowitch/D7024E-Lab-Assignment/kademlia/cmd/node/contact_codec.go:67.3,68.15 2 52
github.com/Limpowitch/D7024E-Lab-Assignment/kademlia/cmd/node/contact_codec.go:70.2,70.17 1 24
github.com/Limpowitch/D7024E-Lab-Assignment/kademlia/cmd/node/contact_codec.go:74.32,77.2 2 5
github.com/Limpowitch/D7024E-Lab-Assignment/kademlia/cmd/node/get_value_iterative.go:11.113,15.21 3 4
github.com/Limpowitch/D7024E-Lab-Assignment/kademlia/cmd/node/get_value_iterative.go:15.21,17.3 1 0
github.com/Limpowitch/D7024E-Lab-Assignment/kademlia/cmd/node/get_value_iterative.go:18.2,18.20 1 4
github.com/Limpowitch/D7024E-Lab-Assignment/kademlia/cmd/node/get_value_iterative.go:18.20,20.3 1 4
github.com/Limpowitch/D7024E-Lab-Assignment/kademlia/cmd/node/get_value_iterative.go:22.2,22.6 1 4
github.com/Limpowitch/D7024E-Lab-Assignment/kademlia/cmd/node/get_value_iterative.go:22.6,24.22 2 6
github.com/Limpowitch/D7024E-Lab-Assignment/kademlia/cmd/node/get_value_iterative.go:24.22,25.9 1 2
github.com/Limpowitch/D7024E-Lab-Assignment/kademlia/cmd/node/get_value_iterative.go:29.3,30.27 2 4
github.com/Limpowitch/D7024E-Lab-Assignment/kademlia/cmd/node/get_value_iterative.go:30.27,31.86 1 8
github.com/Limpowitch/D7024E-Lab-Assignment/kademlia/cmd/node/get_value_iterative.go:31.86,32.13 1 1
github.com/Limpowitch/D7024E-Lab-Assignment/kademlia/cmd/node/get_value_iterative.go:34.4,34.24 1 7
github.com/Limpowitch/D7024E-Lab-Assignment/kademlia/cmd/node/get_value_iterative.go:36.3,37.22 2 4
github.com/Limpowitch/D7024E-Lab-Assignment/kademlia/cmd/node/get_value_iterative.go:37.22,38.9 1 0
github.com/Limpowitch/D7024E-Lab-Assignment/kademlia/cmd/node/get_value_iterative.go:41.3,48.27 3 4
github.com/Limpowitch/D7024E-Lab-Assignment/kademlia/cmd/node/get_value_iterative.go:48.27,50.14 2 7
github.com/Limpowitch/D7024E-Lab-Assignment/kademlia/cmd/node/get_value_iterative.go:50.14,59.19 6 7
github.com/Limpowitch/D7024E-Lab-Assignment/kademlia/cmd/node/get_value_iterative.go:59.19,62.6 2 0
github.com/Limpowitch/D7024E-Lab-Assignment/kademlia/cmd/node/get_value_iterative.go:64.5,66.25 2 7
github.com/Limpowitch/D7024E-Lab-Assignment/kademlia/cmd/node/get_value_iterative.go:66.25,68.13 2 2
github.com/Limpowitch/D7024E-Lab-Assignment/kademlia/cmd/node/get_value_iterative.go:69.40,69.40 0 2
github.com/Limpowitch/D7024E-Lab-Assignment/kademlia/cmd/node/get_value_iterative.go:70.14,70.14 0 0
github.com/Limpowitch/D7024E-Lab-Assignment/kademlia/cmd/node/get_value_iterative.go:72.6,72.12 1 2
github.com/Limpowitch/D7024E-Lab-Assignment/kademlia/cmd/node/get_value_iterative.go:75.5,75.30 1 5
github.com/Limpowitch/D7024E-Lab-Assignment/kademlia/cmd/node/get_value_iterative.go:75.30,77.20 2 5
github.com/Limpowitch/D7024E-Lab-Assignment/kademlia/cmd/node/get_value_iterative.go:77.20,79.7 1 0
github.com/Limpowitch/D7024E-Lab-Assignment/kademlia/cmd/node/get_value_iterative.go:80.6,83.34 4 5
github.com/Limpowitch/D7024E-Lab-Assignment/kademlia/cmd/node/get_value_iterative.go:83.34,84.66 1 9
github.com/Limpowitch/D7024E-Lab-Assignment/kademlia/cmd/node/get_value_iterative.go:84.66,85.16 1 1
github.com/Limpowitch/D7024E-Lab-Assignment/kademlia/cmd/node/get_value_iterative.go:87.7,87.32 1 8
github.com/Limpowitch/D7024E-Lab-Assignment/kademlia/cmd/node/get_value_iterative.go:93.3,93.13 1 4
github.com/Limpowitch/D7024E-Lab-Assignment/kademlia/cmd/node/get_value_iterative.go:93.13,93.41 2 4
github.com/Limpowitch/D7024E-Lab-Assignment/kademlia/cmd/node/get_value_iterative.go:95.3,95.10 1 4
github.com/Limpowitch/D7024E-Lab-Assignment/kademlia/cmd/node/get_value_iterative.go:96.23,98.22 2 2
github.com/Limpowitch/D7024E-Lab-Assignment/kademlia/cmd/node/get_value_iterative.go:100.17,102.12 1 2
github.com/Limpowitch/D7024E-Lab-Assignment/kademlia/cmd/node/get_value_iterative.go:104.21,105.11 1 0
github.com/Limpowitch/D7024E-Lab-Assignment/kademlia/cmd/node/get_value_iterative.go:106.24,107.23 1 0
github.com/Limpowitch/D7024E-Lab-Assignment/kademlia/cmd/node/get_value_iterative.go:108.12,108.12 0 0
github.com/Limpowitch/D7024E-Lab-Assignment/kademlia/cmd/node/get_value_iterative.go:110.4,110.39 1 0
github.com/Limpowitch/D7024E-Lab-Assignment/kademlia/cmd/node/get_value_iterative.go:114.2,114.52 1 2
github.com/Limpowitch/D7024E-Lab-Assignment/kademlia/cmd/node/id.go:13.33,13.68 2 8
github.com/Limpowitch/D7024E-Lab-Assignment/kademlia/cmd/node/id.go:16.37,18.31 2 6
github.com/Limpowitch/D7024E-Lab-Assignment/kademlia/cmd/node/id.go:18.31,20.3 1 120
github.com/Limpowitch/D7024E-Lab-Assignment/kademlia/cmd/node/id.go:21.2,21.36 1 6
github.com/Limpowitch/D7024E-Lab-Assignment/kademlia/cmd/node/id.go:25.39,29.2 3 2
github.com/Limpowitch/D7024E-Lab-Assignment/kademlia/cmd/node/id.go:31.32,34.2 2 7
github.com/Limpowitch/D7024E-Lab-Assignment/kademlia/cmd/node/kbucket.go:19.97,27.2 1 49
github.com/Limpowitch/D7024E-Lab-Assignment/kademlia/cmd/node/kbucket.go:29.45,33.2 3 209
github.com/Limpowitch/D7024E-Lab-Assignment/kademlia/cmd/node/kbucket.go:36.55,41.40 4 5
github.com/Limpowitch/D7024E-Lab-Assignment/kademlia/cmd/node/kbucket.go:41.40,42.32 1 7
github.com/Limpowitch/D7024E-Lab-Assignment/kademlia/cmd/node/kbucket.go:42.32,44.9 2 3
github.com/Limpowitch/D7024E-Lab-Assignment/kademlia/cmd/node/kbucket.go:47.2,47.15 1 5
github.com/Limpowitch/D7024E-Lab-Assignment/kademlia/cmd/node/kbucket.go:47.15,49.3 1 2
github.com/Limpowitch/D7024E-Lab-Assignment/kademlia/cmd/node/kbucket.go:51.2,53.12 3 3
github.com/Limpowitch/D7024E-Lab-Assignment/kademlia/cmd/node/kbucket.go:58.43,62.2 3 0
github.com/Limpowitch/D7024E-Lab-Assignment/kademlia/cmd/node/kbucket.go:65.49,67.29 1 115
github.com/Limpowitch/D7024E-Lab-Assignment/kademlia/cmd/node/kbucket.go:67.29,69.3 1 65
github.com/Limpowitch/D7024E-Lab-Assignment/kademlia/cmd/node/kbucket.go:71.2,71.36 1 50
github.com/Limpowitch/D7024E-Lab-Assignment/kademlia/cmd/node/kbucket.go:71.36,74.3 2 35
github.com/Limpowitch/D7024E-Lab-Assignment/kademlia/cmd/node/kbucket.go:76.2,76.13 1 15
github.com/Limpowitch/D7024E-Lab-Assignment/kademlia/cmd/node/kbucket.go:80.54,81.29 1 115
github.com/Limpowitch/D7024E-Lab-Assignment/kademlia/cmd/node/kbucket.go:81.29,82.32 1 120
github.com/Limpowitch/D7024E-Lab-Assignment/kademlia/cmd/node/kbucket.go:82.32,87.4 4 65
github.com/Limpowitch/D7024E-Lab-Assignment/kademlia/cmd/node/kbucket.go:89.2,89.14 1 50
github.com/Limpowitch/D7024E-Lab-Assignment/kademlia/cmd/node/kbucket.go:92.32,96.26 4 14
github.com/Limpowitch/D7024E-Lab-Assignment/kademlia/cmd/node/kbucket.go:96.26,97.19 1 14
github.com/Limpowitch/D7024E-Lab-Assignment/kademlia/cmd/node/kbucket.go:97.19,99.12 2 0
github.com/Limpowitch/D7024E-Lab-Assignment/kademlia/cmd/node/kbucket.go:102.3,104.15 3 14
github.com/Limpowitch/D7024E-Lab-Assignment/kademlia/cmd/node/kbucket.go:107.2,107.12 1 0
github.com/Limpowitch/D7024E-Lab-Assignment/kademlia/cmd/node/lookup.go:27.54,35.2 1 14
github.com/Limpowitch/D7024E-Lab-Assignment/kademlia/cmd/node/lookup.go:38.54,40.23 2 37
github.com/Limpowitch/D7024E-Lab-Assignment/kademlia/cmd/node/lookup.go:40.23,41.31 1 68
github.com/Limpowitch/D7024E-Lab-Assignment/kademlia/cmd/node/lookup.go:41.31,42.12 1 37
github.com/Limpowitch/D7024E-Lab-Assignment/kademlia/cmd/node/lookup.go:44.3,45.17 2 31
github.com/Limpowitch/D7024E-Lab-Assignment/kademlia/cmd/node/lookup.go:47.2,47.13 1 37
github.com/Limpowitch/D7024E-Lab-Assignment/kademlia/cmd/node/lookup.go:47.13,48.42 1 21
github.com/Limpowitch/D7024E-Lab-Assignment/kademlia/cmd/node/lookup.go:48.42,48.86 1 25
github.com/Limpowitch/D7024E-Lab-Assignment/kademlia/cmd/node/lookup.go:49.3,49.26 1 21
github.com/Limpowitch/D7024E-Lab-Assignment/kademlia/cmd/node/lookup.go:49.26,51.4 1 7
github.com/Limpowitch/D7024E-Lab-Assignment/kademlia/cmd/node/lookup.go:52.3,53.15 2 21
github.com/Limpowitch/D7024E-Lab-Assignment/kademlia/cmd/node/lookup.go:53.15,56.4 1 0
github.com/Limpowitch/D7024E-Lab-Assignment/kademlia/cmd/node/lookup.go:56.9,58.27 1 21
github.com/Limpowitch/D7024E-Lab-Assignment/kademlia/cmd/node/lookup.go:58.27,60.5 1 19
github.com/Limpowitch/D7024E-Lab-Assignment/kademlia/cmd/node/lookup.go:63.2,63.16 1 37
github.com/Limpowitch/D7024E-Lab-Assignment/kademlia/cmd/node/lookup.go:67.36,69.24 2 21
github.com/Limpowitch/D7024E-Lab-Assignment/kademlia/cmd/node/lookup.go:69.24,71.3 1 36
github.com/Limpowitch/D7024E-Lab-Assignment/kademlia/cmd/node/lookup.go:75.48,77.24 2 23
github.com/Limpowitch/D7024E-Lab-Assignment/kademlia/cmd/node/lookup.go:77.24,78.21 1 36
github.com/Limpowitch/D7024E-Lab-Assignment/kademlia/cmd/node/lookup.go:78.21,81.21 3 26
github.com/Limpowitch/D7024E-Lab-Assignment/kademlia/cmd/node/lookup.go:81.21,82.10 1 0
github.com/Limpowitch/D7024E-Lab-Assignment/kademlia/cmd/node/lookup.go:86.2,86.12 1 23
github.com/Limpowitch/D7024E-Lab-Assignment/kademlia/cmd/node/lookup.go:90.54,91.22 1 21
github.com/Limpowitch/D7024E-Lab-Assignment/kademlia/cmd/node/lookup.go:91.22,93.3 1 0
github.com/Limpowitch/D7024E-Lab-Assignment/kademlia/cmd/node/lookup.go:94.2,94.39 1 21
github.com/Limpowitch/D7024E-Lab-Assignment/kademlia/cmd/node/lookup.go:98.37,99.22 1 37
github.com/Limpowitch/D7024E-Lab-Assignment/kademlia/cmd/node/lookup.go:99.22,101.21 2 14
github.com/Limpowitch/D7024E-Lab-Assignment/kademlia/cmd/node/lookup.go:101.21,103.4 1 280
github.com/Limpowitch/D7024E-Lab-Assignment/kademlia/cmd/node/lookup.go:104.3,104.12 1 14
github.com/Limpowitch/D7024E-Lab-Assignment/kademlia/cmd/node/lookup.go:106.2,106.20 1 23
github.com/Limpowitch/D7024E-Lab-Assignment/kademlia/cmd/node/lookup.go:110.42,112.24 2 12
github.com/Limpowitch/D7024E-Lab-Assignment/kademlia/cmd/node/lookup.go:112.24,114.3 1 20
github.com/Limpowitch/D7024E-Lab-Assignment/kademlia/cmd/node/lookup.go:115.2,115.12 1 12
github.com/Limpowitch/D7024E-Lab-Assignment/kademlia/cmd/node/lookup_iterator.go:10.84,21.6 4 10
github.com/Limpowitch/D7024E-Lab-Assignment/kademlia/cmd/node/lookup_iterator.go:21.6,23.22 2 17
github.com/Limpowitch/D7024E-Lab-Assignment/kademlia/cmd/node/lookup_iterator.go:23.22,25.9 1 2
github.com/Limpowitch/D7024E-Lab-Assignment/kademlia/cmd/node/lookup_iterator.go:28.3,35.27 5 15
github.com/Limpowitch/D7024E-Lab-Assignment/kademlia/cmd/node/lookup_iterator.go:35.27,37.14 2 18
github.com/Limpowitch/D7024E-Lab-Assignment/kademlia/cmd/node/lookup_iterator.go:37.14,45.19 5 18
github.com/Limpowitch/D7024E-Lab-Assignment/kademlia/cmd/node/lookup_iterator.go:45.19,47.6 1 0
github.com/Limpowitch/D7024E-Lab-Assignment/kademlia/cmd/node/lookup_iterator.go:48.5,49.19 2 18
github.com/Limpowitch/D7024E-Lab-Assignment/kademlia/cmd/node/lookup_iterator.go:49.19,51.6 1 0
github.com/Limpowitch/D7024E-Lab-Assignment/kademlia/cmd/node/lookup_iterator.go:54.5,54.32 1 18
github.com/Limpowitch/D7024E-Lab-Assignment/kademlia/cmd/node/lookup_iterator.go:54.32,56.6 1 41
github.com/Limpowitch/D7024E-Lab-Assignment/kademlia/cmd/node/lookup_iterator.go:59.5,63.25 3 18
github.com/Limpowitch/D7024E-Lab-Assignment/kademlia/cmd/node/lookup_iterator.go:63.25,65.6 1 7
github.com/Limpowitch/D7024E-Lab-Assignment/kademlia/cmd/node/lookup_iterator.go:66.5,66.16 1 18
github.com/Limpowitch/D7024E-Lab-Assignment/kademlia/cmd/node/lookup_iterator.go:69.3,71.18 2 15
github.com/Limpowitch/D7024E-Lab-Assignment/kademlia/cmd/node/lookup_iterator.go:71.18,72.9 1 8
github.com/Limpowitch/D7024E-Lab-Assignment/kademlia/cmd/node/lookup_iterator.go:76.2,76.27 1 10
github.com/Limpowitch/D7024E-Lab-Assignment/kademlia/cmd/node/main.go:14.13,31.18 12 0
github.com/Limpowitch/D7024E-Lab-Assignment/kademlia/cmd/node/main.go:31.18,32.16 1 0
github.com/Limpowitch/D7024E-Lab-Assignment/kademlia/cmd/node/main.go:32.16,35.4 2 0
github.com/Limpowitch/D7024E-Lab-Assignment/kademlia/cmd/node/main.go:36.3,36.54 1 0
github.com/Limpowitch/D7024E-Lab-Assignment/kademlia/cmd/node/main.go:36.54,39.4 2 0
github.com/Limpowitch/D7024E-Lab-Assignment/kademlia/cmd/node/main.go:40.3,41.9 2 0
github.com/Limpowitch/D7024E-Lab-Assignment/kademlia/cmd/node/main.go:45.2,45.60 1 0
github.com/Limpowitch/D7024E-Lab-Assignment/kademlia/cmd/node/main.go:45.60,48.3 2 0
github.com/Limpowitch/D7024E-Lab-Assignment/kademlia/cmd/node/main.go:51.45,53.16 2 0
github.com/Limpowitch/D7024E-Lab-Assignment/kademlia/cmd/node/main.go:53.16,55.3 1 0
github.com/Limpowitch/D7024E-Lab-Assignment/kademlia/cmd/node/main.go:56.2,58.12 3 0
github.com/Limpowitch/D7024E-Lab-Assignment/kademlia/cmd/node/main.go:61.58,63.16 2 0
github.com/Limpowitch/D7024E-Lab-Assignment/kademlia/cmd/node/main.go:63.16,65.3 1 0
github.com/Limpowitch/D7024E-Lab-Assignment/kademlia/cmd/node/main.go:66.2,69.16 3 0
github.com/Limpowitch/D7024E-Lab-Assignment/kademlia/cmd/node/main.go:69.16,71.3 1 0
github.com/Limpowitch/D7024E-Lab-Assignment/kademlia/cmd/node/main.go:71.8,73.3 1 0
github.com/Limpowitch/D7024E-Lab-Assignment/kademlia/cmd/node/main.go:76.2,81.6 4 0
github.com/Limpowitch/D7024E-Lab-Assignment/kademlia/cmd/node/main.go:81.6,82.10 1 0
github.com/Limpowitch/D7024E-Lab-Assignment/kademlia/cmd/node/main.go:83.14,85.14 2 0
github.com/Limpowitch/D7024E-Lab-Assignment/kademlia/cmd/node/main.go:86.11,88.18 2 0
github.com/Limpowitch/D7024E-Lab-Assignment/kademlia/cmd/node/main.go:88.18,90.5 1 0
github.com/Limpowitch/D7024E-Lab-Assignment/kademlia/cmd/node/main.go:93.4,97.18 3 0
github.com/Limpowitch/D7024E-Lab-Assignment/kademlia/cmd/node/main.go:97.18,99.5 1 0
github.com/Limpowitch/D7024E-Lab-Assignment/kademlia/cmd/node/main.go:99.10,101.5 1 0
github.com/Limpowitch/D7024E-Lab-Assignment/kademlia/cmd/node/main.go:103.4,103.15 1 0
github.com/Limpowitch/D7024E-Lab-Assignment/kademlia/cmd/node/main.go:103.15,105.5 1 0
github.com/Limpowitch/D7024E-Lab-Assignment/kademlia/cmd/node/main.go:110.49,112.11 2 0
github.com/Limpowitch/D7024E-Lab-Assignment/kademlia/cmd/node/main.go:112.11,114.3 1 0
github.com/Limpowitch/D7024E-Lab-Assignment/kademlia/cmd/node/main.go:115.2,115.23 1 0
github.com/Limpowitch/D7024E-Lab-Assignment/kademlia/cmd/node/node.go:33.101,34.23 1 9
github.com/Limpowitch/D7024E-Lab-Assignment/kademlia/cmd/node/node.go:34.23,36.24 2 0
github.com/Limpowitch/D7024E-Lab-Assignment/kademlia/cmd/node/node.go:36.24,38.4 1 0
github.com/Limpowitch/D7024E-Lab-Assignment/kademlia/cmd/node/node.go:42.2,43.44 2 9
github.com/Limpowitch/D7024E-Lab-Assignment/kademlia/cmd/node/node.go:43.44,45.3 1 0
github.com/Limpowitch/D7024E-Lab-Assignment/kademlia/cmd/node/node.go:48.2,49.23 2 9
github.com/Limpowitch/D7024E-Lab-Assignment/kademlia/cmd/node/node.go:49.23,51.3 1 180
github.com/Limpowitch/D7024E-Lab-Assignment/kademlia/cmd/node/node.go:54.2,57.16 3 9
github.com/Limpowitch/D7024E-Lab-Assignment/kademlia/cmd/node/node.go:57.16,59.3 1 0
github.com/Limpowitch/D7024E-Lab-Assignment/kademlia/cmd/node/node.go:62.2,63.16 2 9
github.com/Limpowitch/D7024E-Lab-Assignment/kademlia/cmd/node/node.go:63.16,65.3 1 0
github.com/Limpowitch/D7024E-Lab-Assignment/kademlia/cmd/node/node.go:67.2,78.40 2 9
github.com/Limpowitch/D7024E-Lab-Assignment/kademlia/cmd/node/node.go:78.40,80.43 2 3
github.com/Limpowitch/D7024E-Lab-Assignment/kademlia/cmd/node/node.go:80.43,83.4 2 3
github.com/Limpowitch/D7024E-Lab-Assignment/kademlia/cmd/node/node.go:84.3,84.16 1 3
github.com/Limpowitch/D7024E-Lab-Assignment/kademlia/cmd/node/node.go:87.2,87.49 1 9
github.com/Limpowitch/D7024E-Lab-Assignment/kademlia/cmd/node/node.go:87.49,90.44 3 0
github.com/Limpowitch/D7024E-Lab-Assignment/kademlia/cmd/node/node.go:90.44,92.4 1 0
github.com/Limpowitch/D7024E-Lab-Assignment/kademlia/cmd/node/node.go:93.3,94.14 2 0
github.com/Limpowitch/D7024E-Lab-Assignment/kademlia/cmd/node/node.go:97.2,97.25 1 9
github.com/Limpowitch/D7024E-Lab-Assignment/kademlia/cmd/node/node.go:97.25,101.3 2 0
github.com/Limpowitch/D7024E-Lab-Assignment/kademlia/cmd/node/node.go:104.2,104.59 1 9
github.com/Limpowitch/D7024E-Lab-Assignment/kademlia/cmd/node/node.go:104.59,111.19 6 1
github.com/Limpowitch/D7024E-Lab-Assignment/kademlia/cmd/node/node.go:111.19,121.4 4 0
github.com/Limpowitch/D7024E-Lab-Assignment/kademlia/cmd/node/node.go:123.3,124.24 2 1
github.com/Limpowitch/D7024E-Lab-Assignment/kademlia/cmd/node/node.go:124.24,126.25 2 2
github.com/Limpowitch/D7024E-Lab-Assignment/kademlia/cmd/node/node.go:126.25,131.5 4 2
github.com/Limpowitch/D7024E-Lab-Assignment/kademlia/cmd/node/node.go:133.3,145.18 5 1
github.com/Limpowitch/D7024E-Lab-Assignment/kademlia/cmd/node/node.go:150.2,150.77 1 9
github.com/Limpowitch/D7024E-Lab-Assignment/kademlia/cmd/node/node.go:150.77,153.62 2 1
github.com/Limpowitch/D7024E-Lab-Assignment/kademlia/cmd/node/node.go:153.62,157.4 3 1
github.com/Limpowitch/D7024E-Lab-Assignment/kademlia/cmd/node/node.go:158.3,162.30 4 0
github.com/Limpowitch/D7024E-Lab-Assignment/kademlia/cmd/node/node.go:162.30,164.4 1 0
github.com/Limpowitch/D7024E-Lab-Assignment/kademlia/cmd/node/node.go:167.3,167.20 1 0
github.com/Limpowitch/D7024E-Lab-Assignment/kademlia/cmd/node/node.go:171.2,171.34 1 9
github.com/Limpowitch/D7024E-Lab-Assignment/kademlia/cmd/node/node.go:171.34,174.47 3 0
github.com/Limpowitch/D7024E-Lab-Assignment/kademlia/cmd/node/node.go:174.47,178.4 3 0
github.com/Limpowitch/D7024E-Lab-Assignment/kademlia/cmd/node/node.go:179.3,180.33 2 0
github.com/Limpowitch/D7024E-Lab-Assignment/kademlia/cmd/node/node.go:184.2,184.53 1 9
github.com/Limpowitch/D7024E-Lab-Assignment/kademlia/cmd/node/node.go:184.53,185.22 1 0
github.com/Limpowitch/D7024E-Lab-Assignment/kademlia/cmd/node/node.go:185.22,187.4 1 0
github.com/Limpowitch/D7024E-Lab-Assignment/kademlia/cmd/node/node.go:191.2,191.51 1 9
github.com/Limpowitch/D7024E-Lab-Assignment/kademlia/cmd/node/node.go:191.51,198.24 4 18
github.com/Limpowitch/D7024E-Lab-Assignment/kademlia/cmd/node/node.go:198.24,199.23 1 34
github.com/Limpowitch/D7024E-Lab-Assignment/kademlia/cmd/node/node.go:199.23,201.5 1 23
github.com/Limpowitch/D7024E-Lab-Assignment/kademlia/cmd/node/node.go:203.3,203.33 1 18
github.com/Limpowitch/D7024E-Lab-Assignment/kademlia/cmd/node/node.go:206.2,206.50 1 9
github.com/Limpowitch/D7024E-Lab-Assignment/kademlia/cmd/node/node.go:206.50,214.3 4 4
github.com/Limpowitch/D7024E-Lab-Assignment/kademlia/cmd/node/node.go:216.2,216.59 1 9
github.com/Limpowitch/D7024E-Lab-Assignment/kademlia/cmd/node/node.go:216.59,220.9 4 7
github.com/Limpowitch/D7024E-Lab-Assignment/kademlia/cmd/node/node.go:220.9,226.4 5 2
github.com/Limpowitch/D7024E-Lab-Assignment/kademlia/cmd/node/node.go:227.3,228.37 2 5
github.com/Limpowitch/D7024E-Lab-Assignment/kademlia/cmd/node/node.go:231.2,231.15 1 9
github.com/Limpowitch/D7024E-Lab-Assignment/kademlia/cmd/node/node.go:234.35,236.12 2 9
github.com/Limpowitch/D7024E-Lab-Assignment/kademlia/cmd/node/node.go:236.12,237.20 1 9
github.com/Limpowitch/D7024E-Lab-Assignment/kademlia/cmd/node/node.go:237.20,241.33 4 6787
github.com/Limpowitch/D7024E-Lab-Assignment/kademlia/cmd/node/node.go:241.33,242.18 1 5042
github.com/Limpowitch/D7024E-Lab-Assignment/kademlia/cmd/node/node.go:242.18,243.14 1 5040
github.com/Limpowitch/D7024E-Lab-Assignment/kademlia/cmd/node/node.go:245.5,245.75 1 3
github.com/Limpowitch/D7024E-Lab-Assignment/kademlia/cmd/node/node.go:245.75,249.6 3 2
github.com/Limpowitch/D7024E-Lab-Assignment/kademlia/cmd/node/node.go:251.4,253.29 2 6786
github.com/Limpowitch/D7024E-Lab-Assignment/kademlia/cmd/node/node.go:253.29,256.26 3 2
github.com/Limpowitch/D7024E-Lab-Assignment/kademlia/cmd/node/node.go:256.26,258.41 2 4
github.com/Limpowitch/D7024E-Lab-Assignment/kademlia/cmd/node/node.go:258.41,263.7 4 4
github.com/Limpowitch/D7024E-Lab-Assignment/kademlia/cmd/node/node.go:265.5,271.18 6 2
github.com/Limpowitch/D7024E-Lab-Assignment/kademlia/cmd/node/node.go:278.40,279.26 1 18
github.com/Limpowitch/D7024E-Lab-Assignment/kademlia/cmd/node/node.go:279.26,281.3 1 0
github.com/Limpowitch/D7024E-Lab-Assignment/kademlia/cmd/node/node.go:282.2,282.21 1 18
github.com/Limpowitch/D7024E-Lab-Assignment/kademlia/cmd/node/node.go:286.72,290.16 4 0
github.com/Limpowitch/D7024E-Lab-Assignment/kademlia/cmd/node/node.go:290.16,292.3 1 0
github.com/Limpowitch/D7024E-Lab-Assignment/kademlia/cmd/node/node.go:293.2,293.38 1 0
github.com/Limpowitch/D7024E-Lab-Assignment/kademlia/cmd/node/node.go:297.24,300.12 2 9
github.com/Limpowitch/D7024E-Lab-Assignment/kademlia/cmd/node/node.go:300.12,301.18 1 9
github.com/Limpowitch/D7024E-Lab-Assignment/kademlia/cmd/node/node.go:301.18,304.30 3 0
github.com/Limpowitch/D7024E-Lab-Assignment/kademlia/cmd/node/node.go:304.30,305.56 1 0
github.com/Limpowitch/D7024E-Lab-Assignment/kademlia/cmd/node/node.go:305.56,307.6 1 0
github.com/Limpowitch/D7024E-Lab-Assignment/kademlia/cmd/node/node.go:309.4,309.17 1 0
github.com/Limpowitch/D7024E-Lab-Assignment/kademlia/cmd/node/node.go:314.2,317.18 3 9
github.com/Limpowitch/D7024E-Lab-Assignment/kademlia/cmd/node/node.go:321.28,330.29 5 9
github.com/Limpowitch/D7024E-Lab-Assignment/kademlia/cmd/node/node.go:330.29,331.12 1 10
github.com/Limpowitch/D7024E-Lab-Assignment/kademlia/cmd/node/node.go:331.12,333.4 1 1
github.com/Limpowitch/D7024E-Lab-Assignment/kademlia/cmd/node/node.go:334.3,334.28 1 9
github.com/Limpowitch/D7024E-Lab-Assignment/kademlia/cmd/node/node.go:334.28,337.4 2 8
github.com/Limpowitch/D7024E-Lab-Assignment/kademlia/cmd/node/node.go:340.2,340.112 1 0
github.com/Limpowitch/D7024E-Lab-Assignment/kademlia/cmd/node/node.go:343.36,347.46 4 17
github.com/Limpowitch/D7024E-Lab-Assignment/kademlia/cmd/node/node.go:347.46,351.3 3 37
github.com/Limpowitch/D7024E-Lab-Assignment/kademlia/cmd/node/node.go:352.2,352.12 1 17
github.com/Limpowitch/D7024E-Lab-Assignment/kademlia/cmd/node/node.go:356.30,358.2 1 9
github.com/Limpowitch/D7024E-Lab-Assignment/kademlia/cmd/node/node.go:361.31,364.2 2 0
github.com/Limpowitch/D7024E-Lab-Assignment/kademlia/cmd/node/routingTable.go:17.89,25.16 3 15
github.com/Limpowitch/D7024E-Lab-Assignment/kademlia/cmd/node/routingTable.go:25.16,27.3 1 0
github.com/Limpowitch/D7024E-Lab-Assignment/kademlia/cmd/node/routingTable.go:29.2,30.16 2 15
github.com/Limpowitch/D7024E-Lab-Assignment/kademlia/cmd/node/routingTable.go:34.60,39.29 3 35
github.com/Limpowitch/D7024E-Lab-Assignment/kademlia/cmd/node/routingTable.go:39.29,42.3 2 12
github.com/Limpowitch/D7024E-Lab-Assignment/kademlia/cmd/node/routingTable.go:44.2,45.42 2 23
github.com/Limpowitch/D7024E-Lab-Assignment/kademlia/cmd/node/routingTable.go:45.42,48.53 2 30
github.com/Limpowitch/D7024E-Lab-Assignment/kademlia/cmd/node/routingTable.go:48.53,50.4 1 1
github.com/Limpowitch/D7024E-Lab-Assignment/kademlia/cmd/node/routingTable.go:53.3,53.36 1 29
github.com/Limpowitch/D7024E-Lab-Assignment/kademlia/cmd/node/routingTable.go:53.36,55.9 2 6
github.com/Limpowitch/D7024E-Lab-Assignment/kademlia/cmd/node/routingTable.go:59.2,62.12 4 22
github.com/Limpowitch/D7024E-Lab-Assignment/kademlia/cmd/node/routingTable.go:66.63,68.29 1 20
github.com/Limpowitch/D7024E-Lab-Assignment/kademlia/cmd/node/routingTable.go:68.29,70.3 1 1
github.com/Limpowitch/D7024E-Lab-Assignment/kademlia/cmd/node/routingTable.go:72.2,73.31 2 19
github.com/Limpowitch/D7024E-Lab-Assignment/kademlia/cmd/node/routingTable.go:73.31,75.69 2 23
github.com/Limpowitch/D7024E-Lab-Assignment/kademlia/cmd/node/routingTable.go:75.69,77.9 2 19
github.com/Limpowitch/D7024E-Lab-Assignment/kademlia/cmd/node/routingTable.go:80.2,80.15 1 19
github.com/Limpowitch/D7024E-Lab-Assignment/kademlia/cmd/node/routingTable.go:80.15,82.3 1 0
github.com/Limpowitch/D7024E-Lab-Assignment/kademlia/cmd/node/routingTable.go:84.2,86.12 3 19
github.com/Limpowitch/D7024E-Lab-Assignment/kademlia/cmd/node/routingTable.go:90.56,93.2 1 15
github.com/Limpowitch/D7024E-Lab-Assignment/kademlia/cmd/node/routingTable.go:96.47,98.6 2 101
github.com/Limpowitch/D7024E-Lab-Assignment/kademlia/cmd/node/routingTable.go:98.6,102.12 3 115
github.com/Limpowitch/D7024E-Lab-Assignment/kademlia/cmd/node/routingTable.go:102.12,105.4 2 0
github.com/Limpowitch/D7024E-Lab-Assignment/kademlia/cmd/node/routingTable.go:106.3,113.19 6 115
github.com/Limpowitch/D7024E-Lab-Assignment/kademlia/cmd/node/routingTable.go:113.19,114.16 1 100
github.com/Limpowitch/D7024E-Lab-Assignment/kademlia/cmd/node/routingTable.go:114.16,116.5 1 11
github.com/Limpowitch/D7024E-Lab-Assignment/kademlia/cmd/node/routingTable.go:117.4,117.12 1 89
github.com/Limpowitch/D7024E-Lab-Assignment/kademlia/cmd/node/routingTable.go:121.3,124.35 3 15
github.com/Limpowitch/D7024E-Lab-Assignment/kademlia/cmd/node/routingTable.go:124.35,125.15 1 19
github.com/Limpowitch/D7024E-Lab-Assignment/kademlia/cmd/node/routingTable.go:125.15,127.10 2 15
github.com/Limpowitch/D7024E-Lab-Assignment/kademlia/cmd/node/routingTable.go:130.3,130.18 1 15
github.com/Limpowitch/D7024E-Lab-Assignment/kademlia/cmd/node/routingTable.go:130.18,133.12 3 0
github.com/Limpowitch/D7024E-Lab-Assignment/kademlia/cmd/node/routingTable.go:137.3,138.16 2 15
github.com/Limpowitch/D7024E-Lab-Assignment/kademlia/cmd/node/routingTable.go:138.16,141.4 2 1
github.com/Limpowitch/D7024E-Lab-Assignment/kademlia/cmd/node/routingTable.go:144.3,146.18 3 14
github.com/Limpowitch/D7024E-Lab-Assignment/kademlia/cmd/node/routingTable.go:152.66,157.2 3 0
github.com/Limpowitch/D7024E-Lab-Assignment/kademlia/cmd/node/routingTable.go:159.72,170.42 8 14
github.com/Limpowitch/D7024E-Lab-Assignment/kademlia/cmd/node/routingTable.go:170.42,171.67 1 28
github.com/Limpowitch/D7024E-Lab-Assignment/kademlia/cmd/node/routingTable.go:171.67,173.4 1 20
github.com/Limpowitch/D7024E-Lab-Assignment/kademlia/cmd/node/routingTable.go:173.9,175.4 1 8
github.com/Limpowitch/D7024E-Lab-Assignment/kademlia/cmd/node/routingTable.go:177.2,186.12 7 14
github.com/Limpowitch/D7024E-Lab-Assignment/kademlia/cmd/node/routingTable.go:191.33,192.26 1 417
github.com/Limpowitch/D7024E-Lab-Assignment/kademlia/cmd/node/routingTable.go:192.26,193.18 1 560
github.com/Limpowitch/D7024E-Lab-Assignment/kademlia/cmd/node/routingTable.go:193.18,195.4 1 148
github.com/Limpowitch/D7024E-Lab-Assignment/kademlia/cmd/node/routingTable.go:195.9,195.25 1 412
github.com/Limpowitch/D7024E-Lab-Assignment/kademlia/cmd/node/routingTable.go:195.25,197.4 1 263
github.com/Limpowitch/D7024E-Lab-Assignment/kademlia/cmd/node/routingTable.go:199.2,199.10 1 6
github.com/Limpowitch/D7024E-Lab-Assignment/kademlia/cmd/node/routingTable.go:202.34,205.27 3 16
github.com/Limpowitch/D7024E-Lab-Assignment/kademlia/cmd/node/routingTable.go:205.27,209.3 3 320
github.com/Limpowitch/D7024E-Lab-Assignment/kademlia/cmd/node/routingTable.go:210.2,210.12 1 16
github.com/Limpowitch/D7024E-Lab-Assignment/kademlia/cmd/node/routingTable.go:213.39,217.27 3 16
github.com/Limpowitch/D7024E-Lab-Assignment/kademlia/cmd/node/routingTable.go:217.27,220.21 3 320
github.com/Limpowitch/D7024E-Lab-Assignment/kademlia/cmd/node/routingTable.go:220.21,223.4 2 0
github.com/Limpowitch/D7024E-Lab-Assignment/kademlia/cmd/node/routingTable.go:223.9,226.4 2 320
github.com/Limpowitch/D7024E-Lab-Assignment/kademlia/cmd/node/routingTable.go:230.2,232.26 3 16
github.com/Limpowitch/D7024E-Lab-Assignment/kademlia/cmd/node/routingTable.go:232.26,236.3 3 320
github.com/Limpowitch/D7024E-Lab-Assignment/kademlia/cmd/node/routingTable.go:239.2,241.27 3 16
github.com/Limpowitch/D7024E-Lab-Assignment/kademlia/cmd/node/routingTable.go:241.27,245.3 3 320
github.com/Limpowitch/D7024E-Lab-Assignment/kademlia/cmd/node/routingTable.go:246.2,246.12 1 16
github.com/Limpowitch/D7024E-Lab-Assignment/kademlia/cmd/node/routingTable.go:249.57,250.31 1 115
github.com/Limpowitch/D7024E-Lab-Assignment/kademlia/cmd/node/routingTable.go:250.31,252.71 2 166
github.com/Limpowitch/D7024E-Lab-Assignment/kademlia/cmd/node/routingTable.go:252.71,254.4 1 115
github.com/Limpowitch/D7024E-Lab-Assignment/kademlia/cmd/node/routingTable.go:256.2,256.11 1 0
github.com/Limpowitch/D7024E-Lab-Assignment/kademlia/cmd/node/routingTable.go:260.39,266.34 5 4
github.com/Limpowitch/D7024E-Lab-Assignment/kademlia/cmd/node/routingTable.go:266.34,270.32 3 11
github.com/Limpowitch/D7024E-Lab-Assignment/kademlia/cmd/node/routingTable.go:270.32,272.4 1 14
github.com/Limpowitch/D7024E-Lab-Assignment/kademlia/cmd/node/routingTable.go:273.3,273.17 1 11
github.com/Limpowitch/D7024E-Lab-Assignment/kademlia/cmd/node/routingTable.go:275.2,275.20 1 4
github.com/Limpowitch/D7024E-Lab-Assignment/kademlia/cmd/node/routingTable.go:278.42,282.2 3 4
github.com/Limpowitch/D7024E-Lab-Assignment/kademlia/cmd/node/routingTable_closest.go:6.40,7.26 1 126
github.com/Limpowitch/D7024E-Lab-Assignment/kademlia/cmd/node/routingTable_closest.go:7.26,9.3 1 2520
github.com/Limpowitch/D7024E-Lab-Assignment/kademlia/cmd/node/routingTable_closest.go:10.2,10.8 1 126
github.com/Limpowitch/D7024E-Lab-Assignment/kademlia/cmd/node/routingTable_closest.go:14.34,15.26 1 155
github.com/Limpowitch/D7024E-Lab-Assignment/kademlia/cmd/node/routingTable_closest.go:15.26,16.19 1 193
github.com/Limpowitch/D7024E-Lab-Assignment/kademlia/cmd/node/routingTable_closest.go:16.19,18.4 1 153
github.com/Limpowitch/D7024E-Lab-Assignment/kademlia/cmd/node/routingTable_closest.go:20.2,20.14 1 2
github.com/Limpowitch/D7024E-Lab-Assignment/kademlia/cmd/node/routingTable_closest.go:24.67,34.34 5 41
github.com/Limpowitch/D7024E-Lab-Assignment/kademlia/cmd/node/routingTable_closest.go:34.34,36.32 2 73
github.com/Limpowitch/D7024E-Lab-Assignment/kademlia/cmd/node/routingTable_closest.go:36.32,38.4 1 95
github.com/Limpowitch/D7024E-Lab-Assignment/kademlia/cmd/node/routingTable_closest.go:39.3,39.17 1 73
github.com/Limpowitch/D7024E-Lab-Assignment/kademlia/cmd/node/routingTable_closest.go:42.2,42.38 1 41
github.com/Limpowitch/D7024E-Lab-Assignment/kademlia/cmd/node/routingTable_closest.go:42.38,42.76 1 80
github.com/Limpowitch/D7024E-Lab-Assignment/kademlia/cmd/node/routingTable_closest.go:43.2,43.18 1 41
github.com/Limpowitch/D7024E-Lab-Assignment/kademlia/cmd/node/routingTable_closest.go:43.18,45.3 1 11
github.com/Limpowitch/D7024E-Lab-Assignment/kademlia/cmd/node/routingTable_closest.go:46.2,47.25 2 41
github.com/Limpowitch/D7024E-Lab-Assignment/kademlia/cmd/node/routingTable_closest.go:47.25,49.3 1 69
github.com/Limpowitch/D7024E-Lab-Assignment/kademlia/cmd/node/routingTable_closest.go:50.2,50.12 1 41
github.com/Limpowitch/D7024E-Lab-Assignment/kademlia/cmd/node/value.go:14.53,19.2 1 0
github.com/Limpowitch/D7024E-Lab-Assignment/kademlia/cmd/node/value.go:21.44,24.2 1 0
github.com/Limpowitch/D7024E-Lab-Assignment/kademlia/wire/wire.go:22.18,23.52 1 1
github.com/Limpowitch/D7024E-Lab-Assignment/kademlia/wire/wire.go:23.52,24.52 1 0
github.com/Limpowitch/D7024E-Lab-Assignment/kademlia/wire/wire.go:26.2,26.59 1 1
github.com/Limpowitch/D7024E-Lab-Assignment/kademlia/wire/wire.go:32.23,43.2 6 200001
github.com/Limpowitch/D7024E-Lab-Assignment/kademlia/wire/wire.go:52.36,54.20 2 1
github.com/Limpowitch/D7024E-Lab-Assignment/kademlia/wire/wire.go:54.20,56.3 1 0
github.com/Limpowitch/D7024E-Lab-Assignment/kademlia/wire/wire.go:57.2,62.12 6 1
github.com/Limpowitch/D7024E-Lab-Assignment/kademlia/wire/wire.go:65.44,66.25 1 1
github.com/Limpowitch/D7024E-Lab-Assignment/kademlia/wire/wire.go:66.25,68.3 1 0
github.com/Limpowitch/D7024E-Lab-Assignment/kademlia/wire/wire.go:69.2,73.32 4 1
github.com/Limpowitch/D7024E-Lab-Assignment/kademlia/wire/wire.go:73.32,75.3 1 0
github.com/Limpowitch/D7024E-Lab-Assignment/kademlia/wire/wire.go:76.2,79.54 3 1
github.com/Limpowitch/D7024E-Lab-Assignment/kademlia/service/service.go:53.75,60.16 3 23
github.com/Limpowitch/D7024E-Lab-Assignment/kademlia/service/service.go:60.16,62.3 1 0
github.com/Limpowitch/D7024E-Lab-Assignment/kademlia/service/service.go:63.2,64.15 2 23
github.com/Limpowitch/D7024E-Lab-Assignment/kademlia/service/service.go:67.37,67.54 1 23
github.com/Limpowitch/D7024E-Lab-Assignment/kademlia/service/service.go:68.37,68.60 1 15
github.com/Limpowitch/D7024E-Lab-Assignment/kademlia/service/service.go:69.37,69.61 1 23
github.com/Limpowitch/D7024E-Lab-Assignment/kademlia/service/service.go:70.37,70.60 1 0
github.com/Limpowitch/D7024E-Lab-Assignment/kademlia/service/service.go:72.68,81.2 3 1
github.com/Limpowitch/D7024E-Lab-Assignment/kademlia/service/service.go:85.83,88.16 3 1
github.com/Limpowitch/D7024E-Lab-Assignment/kademlia/service/service.go:88.16,90.3 1 0
github.com/Limpowitch/D7024E-Lab-Assignment/kademlia/service/service.go:91.2,91.36 1 1
github.com/Limpowitch/D7024E-Lab-Assignment/kademlia/service/service.go:91.36,93.3 1 0
github.com/Limpowitch/D7024E-Lab-Assignment/kademlia/service/service.go:94.2,94.12 1 1
github.com/Limpowitch/D7024E-Lab-Assignment/kademlia/service/service.go:97.79,100.16 3 1
github.com/Limpowitch/D7024E-Lab-Assignment/kademlia/service/service.go:100.16,102.3 1 0
github.com/Limpowitch/D7024E-Lab-Assignment/kademlia/service/service.go:103.2,103.32 1 1
github.com/Limpowitch/D7024E-Lab-Assignment/kademlia/service/service.go:103.32,105.3 1 0
github.com/Limpowitch/D7024E-Lab-Assignment/kademlia/service/service.go:106.2,106.12 1 1
github.com/Limpowitch/D7024E-Lab-Assignment/kademlia/service/service.go:109.111,117.62 5 14
github.com/Limpowitch/D7024E-Lab-Assignment/kademlia/service/service.go:117.62,122.3 4 0
github.com/Limpowitch/D7024E-Lab-Assignment/kademlia/service/service.go:125.2,125.9 1 14
github.com/Limpowitch/D7024E-Lab-Assignment/kademlia/service/service.go:126.20,127.19 1 13
github.com/Limpowitch/D7024E-Lab-Assignment/kademlia/service/service.go:128.20,132.37 4 1
github.com/Limpowitch/D7024E-Lab-Assignment/kademlia/service/service.go:136.67,139.16 3 1
github.com/Limpowitch/D7024E-Lab-Assignment/kademlia/service/service.go:139.16,141.3 1 0
github.com/Limpowitch/D7024E-Lab-Assignment/kademlia/service/service.go:142.2,142.34 1 1
github.com/Limpowitch/D7024E-Lab-Assignment/kademlia/service/service.go:142.34,144.3 1 0
github.com/Limpowitch/D7024E-Lab-Assignment/kademlia/service/service.go:145.2,145.12 1 1
github.com/Limpowitch/D7024E-Lab-Assignment/kademlia/service/service.go:149.91,156.16 3 2
github.com/Limpowitch/D7024E-Lab-Assignment/kademlia/service/service.go:156.16,158.3 1 1
github.com/Limpowitch/D7024E-Lab-Assignment/kademlia/service/service.go:159.2,159.35 1 1
github.com/Limpowitch/D7024E-Lab-Assignment/kademlia/service/service.go:159.35,161.3 1 0
github.com/Limpowitch/D7024E-Lab-Assignment/kademlia/service/service.go:162.2,162.26 1 1
github.com/Limpowitch/D7024E-Lab-Assignment/kademlia/service/service.go:166.97,168.24 1 1
github.com/Limpowitch/D7024E-Lab-Assignment/kademlia/service/service.go:168.24,170.3 1 0
github.com/Limpowitch/D7024E-Lab-Assignment/kademlia/service/service.go:171.2,179.12 8 1
github.com/Limpowitch/D7024E-Lab-Assignment/kademlia/service/service.go:188.75,191.16 3 1
github.com/Limpowitch/D7024E-Lab-Assignment/kademlia/service/service.go:191.16,193.3 1 0
github.com/Limpowitch/D7024E-Lab-Assignment/kademlia/service/service.go:194.2,194.34 1 1
github.com/Limpowitch/D7024E-Lab-Assignment/kademlia/service/service.go:194.34,196.3 1 0
github.com/Limpowitch/D7024E-Lab-Assignment/kademlia/service/service.go:197.2,197.26 1 1
github.com/Limpowitch/D7024E-Lab-Assignment/kademlia/service/service.go:201.106,204.16 3 2
github.com/Limpowitch/D7024E-Lab-Assignment/kademlia/service/service.go:204.16,206.3 1 0
github.com/Limpowitch/D7024E-Lab-Assignment/kademlia/service/service.go:207.2,207.19 1 2
github.com/Limpowitch/D7024E-Lab-Assignment/kademlia/service/service.go:208.24,209.51 1 1
github.com/Limpowitch/D7024E-Lab-Assignment/kademlia/service/service.go:210.25,211.54 1 1
github.com/Limpowitch/D7024E-Lab-Assignment/kademlia/service/service.go:212.10,213.76 1 0
github.com/Limpowitch/D7024E-Lab-Assignment/kademlia/service/service.go:218.72,221.18 1 26
github.com/Limpowitch/D7024E-Lab-Assignment/kademlia/service/service.go:222.14,225.29 2 1
github.com/Limpowitch/D7024E-Lab-Assignment/kademlia/service/service.go:225.29,230.21 5 1
github.com/Limpowitch/D7024E-Lab-Assignment/kademlia/service/service.go:230.21,232.5 1 0
github.com/Limpowitch/D7024E-Lab-Assignment/kademlia/service/service.go:234.3,234.99 1 1
github.com/Limpowitch/D7024E-Lab-Assignment/kademlia/service/service.go:236.14,238.29 2 1
github.com/Limpowitch/D7024E-Lab-Assignment/kademlia/service/service.go:238.29,243.21 5 1
github.com/Limpowitch/D7024E-Lab-Assignment/kademlia/service/service.go:243.21,245.5 1 0
github.com/Limpowitch/D7024E-Lab-Assignment/kademlia/service/service.go:250.3,250.28 1 1
github.com/Limpowitch/D7024E-Lab-Assignment/kademlia/service/service.go:251.19,254.29 2 1
github.com/Limpowitch/D7024E-Lab-Assignment/kademlia/service/service.go:254.29,256.4 1 1
github.com/Limpowitch/D7024E-Lab-Assignment/kademlia/service/service.go:257.3,261.24 5 1
github.com/Limpowitch/D7024E-Lab-Assignment/kademlia/service/service.go:261.24,263.4 1 1
github.com/Limpowitch/D7024E-Lab-Assignment/kademlia/service/service.go:264.3,268.5 1 1
github.com/Limpowitch/D7024E-Lab-Assignment/kademlia/service/service.go:269.24,272.28 1 1
github.com/Limpowitch/D7024E-Lab-Assignment/kademlia/service/service.go:274.15,278.28 2 1
github.com/Limpowitch/D7024E-Lab-Assignment/kademlia/service/service.go:278.28,280.4 1 0
github.com/Limpowitch/D7024E-Lab-Assignment/kademlia/service/service.go:282.3,285.30 4 1
github.com/Limpowitch/D7024E-Lab-Assignment/kademlia/service/service.go:285.30,287.4 1 0
github.com/Limpowitch/D7024E-Lab-Assignment/kademlia/service/service.go:288.3,293.21 6 1
github.com/Limpowitch/D7024E-Lab-Assignment/kademlia/service/service.go:293.21,295.4 1 1
github.com/Limpowitch/D7024E-Lab-Assignment/kademlia/service/service.go:296.3,296.76 1 1
github.com/Limpowitch/D7024E-Lab-Assignment/kademlia/service/service.go:298.19,301.28 2 1
github.com/Limpowitch/D7024E-Lab-Assignment/kademlia/service/service.go:303.20,307.29 3 2
github.com/Limpowitch/D7024E-Lab-Assignment/kademlia/service/service.go:307.29,309.4 1 2
github.com/Limpowitch/D7024E-Lab-Assignment/kademlia/service/service.go:310.3,316.25 6 2
github.com/Limpowitch/D7024E-Lab-Assignment/kademlia/service/service.go:316.25,318.18 2 2
github.com/Limpowitch/D7024E-Lab-Assignment/kademlia/service/service.go:318.18,321.5 2 1
github.com/Limpowitch/D7024E-Lab-Assignment/kademlia/service/service.go:321.10,324.5 2 1
github.com/Limpowitch/D7024E-Lab-Assignment/kademlia/service/service.go:325.9,329.4 2 0
github.com/Limpowitch/D7024E-Lab-Assignment/kademlia/service/service.go:330.3,330.37 1 2
github.com/Limpowitch/D7024E-Lab-Assignment/kademlia/service/service.go:332.24,335.28 2 1
github.com/Limpowitch/D7024E-Lab-Assignment/kademlia/service/service.go:336.25,339.28 2 1
github.com/Limpowitch/D7024E-Lab-Assignment/kademlia/service/service.go:340.18,345.22 5 1
github.com/Limpowitch/D7024E-Lab-Assignment/kademlia/service/service.go:345.22,347.4 1 1
github.com/Limpowitch/D7024E-Lab-Assignment/kademlia/service/service.go:348.3,352.5 1 1
github.com/Limpowitch/D7024E-Lab-Assignment/kademlia/service/service.go:354.23,355.28 1 1
github.com/Limpowitch/D7024E-Lab-Assignment/kademlia/service/service.go:356.19,357.39 1 1
github.com/Limpowitch/D7024E-Lab-Assignment/kademlia/service/service.go:359.19,360.39 1 3
github.com/Limpowitch/D7024E-Lab-Assignment/kademlia/service/service.go:362.24,363.28 1 1
github.com/Limpowitch/D7024E-Lab-Assignment/kademlia/service/service.go:365.23,366.28 1 1
github.com/Limpowitch/D7024E-Lab-Assignment/kademlia/service/service.go:368.28,369.28 1 2
github.com/Limpowitch/D7024E-Lab-Assignment/kademlia/service/service.go:371.20,375.13 2 1
github.com/Limpowitch/D7024E-Lab-Assignment/kademlia/service/service.go:375.13,380.21 4 1
github.com/Limpowitch/D7024E-Lab-Assignment/kademlia/service/service.go:380.21,383.5 2 1
github.com/Limpowitch/D7024E-Lab-Assignment/kademlia/service/service.go:385.4,386.33 2 0
github.com/Limpowitch/D7024E-Lab-Assignment/kademlia/service/service.go:388.23,389.28 1 1
github.com/Limpowitch/D7024E-Lab-Assignment/kademlia/service/service.go:391.22,393.29 2 1
github.com/Limpowitch/D7024E-Lab-Assignment/kademlia/service/service.go:393.29,395.4 1 1
github.com/Limpowitch/D7024E-Lab-Assignment/kademlia/service/service.go:396.3,400.27 5 1
github.com/Limpowitch/D7024E-Lab-Assignment/kademlia/service/service.go:400.27,402.4 1 1
github.com/Limpowitch/D7024E-Lab-Assignment/kademlia/service/service.go:403.3,404.10 2 1
github.com/Limpowitch/D7024E-Lab-Assignment/kademlia/service/service.go:404.11,405.4 0 0
github.com/Limpowitch/D7024E-Lab-Assignment/kademlia/service/service.go:406.3,406.68 1 1
github.com/Limpowitch/D7024E-Lab-Assignment/kademlia/service/service.go:408.25,409.28 1 1
github.com/Limpowitch/D7024E-Lab-Assignment/kademlia/service/service.go:410.17,412.29 2 1
github.com/Limpowitch/D7024E-Lab-Assignment/kademlia/service/service.go:412.29,414.4 1 1
github.com/Limpowitch/D7024E-Lab-Assignment/kademlia/service/service.go:415.3,418.23 4 1
github.com/Limpowitch/D7024E-Lab-Assignment/kademlia/service/service.go:418.23,420.4 1 1
github.com/Limpowitch/D7024E-Lab-Assignment/kademlia/service/service.go:421.3,421.78 1 1
github.com/Limpowitch/D7024E-Lab-Assignment/kademlia/service/service.go:423.21,424.28 1 1
github.com/Limpowitch/D7024E-Lab-Assignment/kademlia/service/service.go:426.10,426.10 0 0
github.com/Limpowitch/D7024E-Lab-Assignment/kademlia/service/service.go:433.92,436.16 3 1
github.com/Limpowitch/D7024E-Lab-Assignment/kademlia/service/service.go:436.16,438.3 1 0
github.com/Limpowitch/D7024E-Lab-Assignment/kademlia/service/service.go:439.2,439.62 1 1
github.com/Limpowitch/D7024E-Lab-Assignment/kademlia/service/service.go:439.62,441.3 1 0
github.com/Limpowitch/D7024E-Lab-Assignment/kademlia/service/service.go:442.2,444.17 3 1
github.com/Limpowitch/D7024E-Lab-Assignment/kademlia/service/service.go:449.96,452.34 2 3
github.com/Limpowitch/D7024E-Lab-Assignment/kademlia/service/service.go:452.34,454.16 2 3
github.com/Limpowitch/D7024E-Lab-Assignment/kademlia/service/service.go:454.16,456.4 1 0
github.com/Limpowitch/D7024E-Lab-Assignment/kademlia/service/service.go:457.3,457.28 1 3
github.com/Limpowitch/D7024E-Lab-Assignment/kademlia/service/service.go:457.28,459.4 1 0
github.com/Limpowitch/D7024E-Lab-Assignment/kademlia/service/service.go:460.3,460.46 1 3
github.com/Limpowitch/D7024E-Lab-Assignment/kademlia/service/service.go:463.2,471.16 7 3
github.com/Limpowitch/D7024E-Lab-Assignment/kademlia/service/service.go:471.16,473.3 1 0
github.com/Limpowitch/D7024E-Lab-Assignment/kademlia/service/service.go:475.2,477.19 2 3
github.com/Limpowitch/D7024E-Lab-Assignment/kademlia/service/service.go:478.23,479.33 1 1
github.com/Limpowitch/D7024E-Lab-Assignment/kademlia/service/service.go:480.28,481.25 1 2
github.com/Limpowitch/D7024E-Lab-Assignment/kademlia/service/service.go:482.10,483.58 1 0
github.com/Limpowitch/D7024E-Lab-Assignment/kademlia/service/service.go:488.58,490.33 2 13
github.com/Limpowitch/D7024E-Lab-Assignment/kademlia/service/service.go:490.33,493.27 2 13
github.com/Limpowitch/D7024E-Lab-Assignment/kademlia/service/service.go:493.27,497.4 3 7
github.com/Limpowitch/D7024E-Lab-Assignment/kademlia/service/service.go:498.3,498.12 1 13
github.com/Limpowitch/D7024E-Lab-Assignment/kademlia/service/service.go:500.2,500.15 1 13
github.com/Limpowitch/D7024E-Lab-Assignment/kademlia/service/service.go:504.78,510.31 5 1
github.com/Limpowitch/D7024E-Lab-Assignment/kademlia/service/service.go:510.31,513.3 2 0
github.com/Limpowitch/D7024E-Lab-Assignment/kademlia/service/service.go:515.2,521.16 3 1
github.com/Limpowitch/D7024E-Lab-Assignment/kademlia/service/service.go:521.16,524.3 2 0
github.com/Limpowitch/D7024E-Lab-Assignment/kademlia/service/service.go:525.2,529.4 1 1
github.com/Limpowitch/D7024E-Lab-Assignment/kademlia/service/service.go:532.78,534.27 2 3
github.com/Limpowitch/D7024E-Lab-Assignment/kademlia/service/service.go:534.27,537.3 2 0
github.com/Limpowitch/D7024E-Lab-Assignment/kademlia/service/service.go:539.2,544.28 5 3
github.com/Limpowitch/D7024E-Lab-Assignment/kademlia/service/service.go:544.28,546.21 2 3
github.com/Limpowitch/D7024E-Lab-Assignment/kademlia/service/service.go:546.21,548.4 1 0
github.com/Limpowitch/D7024E-Lab-Assignment/kademlia/service/service.go:550.2,556.23 6 3
github.com/Limpowitch/D7024E-Lab-Assignment/kademlia/service/service.go:556.23,559.3 2 0
github.com/Limpowitch/D7024E-Lab-Assignment/kademlia/service/service.go:561.2,562.8 2 3
github.com/Limpowitch/D7024E-Lab-Assignment/kademlia/service/service.go:562.8,566.3 3 1
github.com/Limpowitch/D7024E-Lab-Assignment/kademlia/service/service.go:567.2,568.84 2 2
github.com/Limpowitch/D7024E-Lab-Assignment/kademlia/service/service_setters.go:5.54,5.100 3 0
github.com/Limpowitch/D7024E-Lab-Assignment/kademlia/service/service_setters.go:6.54,6.104 3 1
github.com/Limpowitch/D7024E-Lab-Assignment/kademlia/service/service_setters.go:7.54,7.101 3 1
github.com/Limpowitch/D7024E-Lab-Assignment/kademlia/service/service_setters.go:8.54,8.105 3 2
github.com/Limpowitch/D7024E-Lab-Assignment/kademlia/service/service_setters.go:9.54,9.102 3 1
github.com/Limpowitch/D7024E-Lab-Assignment/kademlia/service/service_setters.go:11.67,15.2 3 1
github.com/Limpowitch/D7024E-Lab-Assignment/kademlia/service/service_setters.go:16.83,20.2 3 3
github.com/Limpowitch/D7024E-Lab-Assignment/kademlia/service/service_setters.go:21.59,25.2 3 1
github.com/Limpowitch/D7024E-Lab-Assignment/kademlia/service/service_setters.go:26.50,26.96 3 1
github.com/Limpowitch/D7024E-Lab-Assignment/kademlia/service/service_setters.go:27.50,27.99 3 1
